<?xml version="1.0" encoding="UTF-8"?>
<!-- Generated by org.testng.reporters.JUnitReportReporter -->
<testsuite hostname="DESKTOP-LF8SMFL" failures="0" tests="1" name="com.restapibasis.framework.api.testcase.TestCreateCustomerApi" time="2.008" errors="0" timestamp="2023-09-02T16:57:48 IST" skipped="0">
  <testcase classname="com.restapibasis.framework.api.testcase.TestCreateCustomerApi" name="validateCreateCustomerAPIWithValidData" time="2.008"/>
  <system-out/>
</testsuite> <!-- com.restapibasis.framework.api.testcase.TestCreateCustomerApi -->
